<?xml version="1.0" encoding="UTF-8"?>
<testsuite xmlns:xsi="http://www.w3.org/2001/XMLSchema-instance" xsi:noNamespaceSchemaLocation="https://maven.apache.org/surefire/maven-surefire-plugin/xsd/surefire-test-report.xsd" name="com.ust.admin_service.controller.MusicControllerTest" time="1.918" tests="9" errors="0" skipped="0" failures="6">
  <properties>
[...]
</properties>
  <testcase name="testDeleteMusic" classname="com.ust.admin_service.controller.MusicControllerTest" time="0.398">
    <failure message="&#10;expected: &quot;expectedResponse&quot;&#10; but was: &quot;result&quot;" type="org.opentest4j.AssertionFailedError">org.opentest4j.AssertionFailedError: 

expected: "expectedResponse"
 but was: "result"
	at com.ust.admin_service.controller.MusicControllerTest.testDeleteMusic(MusicControllerTest.java:161)
</failure>
    <system-out><![CDATA[2023-06-15 15:37:37.388  INFO 15016 --- [           main] .b.t.a.w.s.WebMvcTestContextBootstrapper : Neither @ContextConfiguration nor @ContextHierarchy found for test class [com.ust.admin_service.controller.MusicControllerTest], using SpringBootContextLoader
2023-06-15 15:37:37.389  INFO 15016 --- [           main] o.s.t.c.support.AbstractContextLoader    : Could not detect default resource locations for test class [com.ust.admin_service.controller.MusicControllerTest]: no resource found for suffixes {-context.xml, Context.groovy}.
2023-06-15 15:37:37.389  INFO 15016 --- [           main] t.c.s.AnnotationConfigContextLoaderUtils : Could not detect default configuration classes for test class [com.ust.admin_service.controller.MusicControllerTest]: MusicControllerTest does not declare any static, non-private, non-final, nested classes annotated with @Configuration.
2023-06-15 15:37:37.459  INFO 15016 --- [           main] .b.t.c.SpringBootTestContextBootstrapper : Found @SpringBootConfiguration com.ust.admin_service.AdminApplication for test class com.ust.admin_service.controller.MusicControllerTest
2023-06-15 15:37:37.462  INFO 15016 --- [           main] .b.t.a.w.s.WebMvcTestContextBootstrapper : Loaded default TestExecutionListener class names from location [META-INF/spring.factories]: [org.springframework.boot.test.mock.mockito.MockitoTestExecutionListener, org.springframework.boot.test.mock.mockito.ResetMocksTestExecutionListener, org.springframework.boot.test.autoconfigure.restdocs.RestDocsTestExecutionListener, org.springframework.boot.test.autoconfigure.web.client.MockRestServiceServerResetTestExecutionListener, org.springframework.boot.test.autoconfigure.web.servlet.MockMvcPrintOnlyOnFailureTestExecutionListener, org.springframework.boot.test.autoconfigure.web.servlet.WebDriverTestExecutionListener, org.springframework.boot.test.autoconfigure.webservices.client.MockWebServiceServerTestExecutionListener, org.springframework.test.context.web.ServletTestExecutionListener, org.springframework.test.context.support.DirtiesContextBeforeModesTestExecutionListener, org.springframework.test.context.event.ApplicationEventsTestExecutionListener, org.springframework.test.context.support.DependencyInjectionTestExecutionListener, org.springframework.test.context.support.DirtiesContextTestExecutionListener, org.springframework.test.context.transaction.TransactionalTestExecutionListener, org.springframework.test.context.jdbc.SqlScriptsTestExecutionListener, org.springframework.test.context.event.EventPublishingTestExecutionListener]
2023-06-15 15:37:37.463  INFO 15016 --- [           main] .b.t.a.w.s.WebMvcTestContextBootstrapper : Using TestExecutionListeners: [org.springframework.test.context.web.ServletTestExecutionListener@362fd4e9, org.springframework.test.context.support.DirtiesContextBeforeModesTestExecutionListener@7bbe852a, org.springframework.test.context.event.ApplicationEventsTestExecutionListener@1299c874, org.springframework.boot.test.mock.mockito.MockitoTestExecutionListener@2adce412, org.springframework.boot.test.autoconfigure.SpringBootDependencyInjectionTestExecutionListener@629cf53c, org.springframework.test.context.support.DirtiesContextTestExecutionListener@6d84ab90, org.springframework.test.context.transaction.TransactionalTestExecutionListener@3182143c, org.springframework.test.context.jdbc.SqlScriptsTestExecutionListener@7cb38a6a, org.springframework.test.context.event.EventPublishingTestExecutionListener@7983a5d5, org.springframework.boot.test.mock.mockito.ResetMocksTestExecutionListener@3113595e, org.springframework.boot.test.autoconfigure.restdocs.RestDocsTestExecutionListener@109188b4, org.springframework.boot.test.autoconfigure.web.client.MockRestServiceServerResetTestExecutionListener@7091a016, org.springframework.boot.test.autoconfigure.web.servlet.MockMvcPrintOnlyOnFailureTestExecutionListener@14580edc, org.springframework.boot.test.autoconfigure.web.servlet.WebDriverTestExecutionListener@3f2a7ca0, org.springframework.boot.test.autoconfigure.webservices.client.MockWebServiceServerTestExecutionListener@23e297d9]

  .   ____          _            __ _ _
 /\\ / ___'_ __ _ _(_)_ __  __ _ \ \ \ \
( ( )\___ | '_ | '_| | '_ \/ _` | \ \ \ \
 \\/  ___)| |_)| | | | | || (_| |  ) ) ) )
  '  |____| .__|_| |_|_| |_\__, | / / / /
 =========|_|==============|___/=/_/_/_/
 :: Spring Boot ::               (v2.7.12)

2023-06-15 15:37:37.559  INFO 15016 --- [           main] c.u.a.controller.MusicControllerTest     : Starting MusicControllerTest using Java 17.0.7 on 79817f7387775f5 with PID 15016 (started by Administrator in C:\Users\Administrator\Downloads\project\Admin_Service\Admin_Service)
2023-06-15 15:37:37.562  INFO 15016 --- [           main] c.u.a.controller.MusicControllerTest     : No active profile set, falling back to 1 default profile: "default"
2023-06-15 15:37:38.664  INFO 15016 --- [           main] o.s.b.t.m.w.SpringBootMockServletContext : Initializing Spring TestDispatcherServlet ''
2023-06-15 15:37:38.666  INFO 15016 --- [           main] o.s.t.web.servlet.TestDispatcherServlet  : Initializing Servlet ''
2023-06-15 15:37:38.669  INFO 15016 --- [           main] o.s.t.web.servlet.TestDispatcherServlet  : Completed initialization in 2 ms
2023-06-15 15:37:38.709  INFO 15016 --- [           main] c.u.a.controller.MusicControllerTest     : Started MusicControllerTest in 1.24 seconds (JVM running for 12.699)

MockHttpServletRequest:
      HTTP Method = DELETE
      Request URI = /1.0/admin/deleteAMusic/0
       Parameters = {}
          Headers = [Accept:"application/json"]
             Body = null
    Session Attrs = {}

Handler:
             Type = com.ust.admin_service.controller.MusicController
           Method = com.ust.admin_service.controller.MusicController#deleteMusic(long)

Async:
    Async started = false
     Async result = null

Resolved Exception:
             Type = null

ModelAndView:
        View name = null
             View = null
            Model = null

FlashMap:
       Attributes = null

MockHttpServletResponse:
           Status = 200
    Error message = null
          Headers = [Content-Type:"application/json", Content-Length:"6"]
     Content type = application/json
             Body = result
    Forwarded URL = null
   Redirected URL = null
          Cookies = []
]]></system-out>
  </testcase>
  <testcase name="testDeleteMusic_MusicServiceThrowsMusicNotFoundException" classname="com.ust.admin_service.controller.MusicControllerTest" time="0.053">
    <failure message="&#10;expected: 500&#10; but was: 404" type="org.opentest4j.AssertionFailedError">org.opentest4j.AssertionFailedError: 

expected: 500
 but was: 404
	at com.ust.admin_service.controller.MusicControllerTest.testDeleteMusic_MusicServiceThrowsMusicNotFoundException(MusicControllerTest.java:175)
</failure>
    <system-out><![CDATA[
MockHttpServletRequest:
      HTTP Method = DELETE
      Request URI = /1.0/admin/deleteAMusic/0
       Parameters = {}
          Headers = [Accept:"application/json"]
             Body = null
    Session Attrs = {}

Handler:
             Type = com.ust.admin_service.controller.MusicController
           Method = com.ust.admin_service.controller.MusicController#deleteMusic(long)

Async:
    Async started = false
     Async result = null

Resolved Exception:
             Type = com.ust.admin_service.exception.MusicNotFoundException

ModelAndView:
        View name = null
             View = null
            Model = null

FlashMap:
       Attributes = null

MockHttpServletResponse:
           Status = 404
    Error message = null
          Headers = [Content-Type:"application/json"]
     Content type = application/json
             Body = {"errorMessage":null}
    Forwarded URL = null
   Redirected URL = null
          Cookies = []
]]></system-out>
  </testcase>
  <testcase name="testUpdateMusic" classname="com.ust.admin_service.controller.MusicControllerTest" time="0.096">
    <failure message="&#10;expected: 200&#10; but was: 400" type="org.opentest4j.AssertionFailedError">org.opentest4j.AssertionFailedError: 

expected: 200
 but was: 400
	at com.ust.admin_service.controller.MusicControllerTest.testUpdateMusic(MusicControllerTest.java:127)
</failure>
    <system-out><![CDATA[2023-06-15 15:37:39.259  WARN 15016 --- [           main] .w.s.m.s.DefaultHandlerExceptionResolver : Resolved [org.springframework.http.converter.HttpMessageNotReadableException: JSON parse error: Unrecognized token 'content': was expecting (JSON String, Number, Array, Object or token 'null', 'true' or 'false'); nested exception is com.fasterxml.jackson.core.JsonParseException: Unrecognized token 'content': was expecting (JSON String, Number, Array, Object or token 'null', 'true' or 'false')<EOL> at [Source: (org.springframework.util.StreamUtils$NonClosingInputStream); line: 1, column: 8]]

MockHttpServletRequest:
      HTTP Method = PUT
      Request URI = /1.0/admin/updateAMusic/0
       Parameters = {}
          Headers = [Content-Type:"application/json;charset=UTF-8", Accept:"application/json", Content-Length:"7"]
             Body = content
    Session Attrs = {}

Handler:
             Type = com.ust.admin_service.controller.MusicController
           Method = com.ust.admin_service.controller.MusicController#updateMusic(MusicDto, long)

Async:
    Async started = false
     Async result = null

Resolved Exception:
             Type = org.springframework.http.converter.HttpMessageNotReadableException

ModelAndView:
        View name = null
             View = null
            Model = null

FlashMap:
       Attributes = null

MockHttpServletResponse:
           Status = 400
    Error message = null
          Headers = []
     Content type = null
             Body = 
    Forwarded URL = null
   Redirected URL = null
          Cookies = []
]]></system-out>
  </testcase>
  <testcase name="testGetById" classname="com.ust.admin_service.controller.MusicControllerTest" time="0.028"/>
  <testcase name="testUpdateMusic_MusicServiceThrowsMusicNotFoundException" classname="com.ust.admin_service.controller.MusicControllerTest" time="0.019">
    <failure message="&#10;expected: 500&#10; but was: 400" type="org.opentest4j.AssertionFailedError">org.opentest4j.AssertionFailedError: 

expected: 500
 but was: 400
	at com.ust.admin_service.controller.MusicControllerTest.testUpdateMusic_MusicServiceThrowsMusicNotFoundException(MusicControllerTest.java:145)
</failure>
    <system-out><![CDATA[2023-06-15 15:37:39.303  WARN 15016 --- [           main] .w.s.m.s.DefaultHandlerExceptionResolver : Resolved [org.springframework.http.converter.HttpMessageNotReadableException: JSON parse error: Unrecognized token 'content': was expecting (JSON String, Number, Array, Object or token 'null', 'true' or 'false'); nested exception is com.fasterxml.jackson.core.JsonParseException: Unrecognized token 'content': was expecting (JSON String, Number, Array, Object or token 'null', 'true' or 'false')<EOL> at [Source: (org.springframework.util.StreamUtils$NonClosingInputStream); line: 1, column: 8]]

MockHttpServletRequest:
      HTTP Method = PUT
      Request URI = /1.0/admin/updateAMusic/0
       Parameters = {}
          Headers = [Content-Type:"application/json;charset=UTF-8", Accept:"application/json", Content-Length:"7"]
             Body = content
    Session Attrs = {}

Handler:
             Type = com.ust.admin_service.controller.MusicController
           Method = com.ust.admin_service.controller.MusicController#updateMusic(MusicDto, long)

Async:
    Async started = false
     Async result = null

Resolved Exception:
             Type = org.springframework.http.converter.HttpMessageNotReadableException

ModelAndView:
        View name = null
             View = null
            Model = null

FlashMap:
       Attributes = null

MockHttpServletResponse:
           Status = 400
    Error message = null
          Headers = []
     Content type = null
             Body = 
    Forwarded URL = null
   Redirected URL = null
          Cookies = []
]]></system-out>
  </testcase>
  <testcase name="testViewAllMusics_MusicServiceReturnsNoItems" classname="com.ust.admin_service.controller.MusicControllerTest" time="0.012"/>
  <testcase name="testAddAMusic" classname="com.ust.admin_service.controller.MusicControllerTest" time="0.009">
    <failure message="&#10;expected: 200&#10; but was: 400" type="org.opentest4j.AssertionFailedError">org.opentest4j.AssertionFailedError: 

expected: 200
 but was: 400
	at com.ust.admin_service.controller.MusicControllerTest.testAddAMusic(MusicControllerTest.java:49)
</failure>
    <system-out><![CDATA[2023-06-15 15:37:39.337  WARN 15016 --- [           main] .w.s.m.s.DefaultHandlerExceptionResolver : Resolved [org.springframework.http.converter.HttpMessageNotReadableException: JSON parse error: Unrecognized token 'content': was expecting (JSON String, Number, Array, Object or token 'null', 'true' or 'false'); nested exception is com.fasterxml.jackson.core.JsonParseException: Unrecognized token 'content': was expecting (JSON String, Number, Array, Object or token 'null', 'true' or 'false')<EOL> at [Source: (org.springframework.util.StreamUtils$NonClosingInputStream); line: 1, column: 8]]

MockHttpServletRequest:
      HTTP Method = POST
      Request URI = /1.0/admin/addAMusic
       Parameters = {}
          Headers = [Content-Type:"application/json;charset=UTF-8", Accept:"application/json", Content-Length:"7"]
             Body = content
    Session Attrs = {}

Handler:
             Type = com.ust.admin_service.controller.MusicController
           Method = com.ust.admin_service.controller.MusicController#addAMusic(MusicDto)

Async:
    Async started = false
     Async result = null

Resolved Exception:
             Type = org.springframework.http.converter.HttpMessageNotReadableException

ModelAndView:
        View name = null
             View = null
            Model = null

FlashMap:
       Attributes = null

MockHttpServletResponse:
           Status = 400
    Error message = null
          Headers = []
     Content type = null
             Body = 
    Forwarded URL = null
   Redirected URL = null
          Cookies = []
]]></system-out>
  </testcase>
  <testcase name="testViewAllMusics" classname="com.ust.admin_service.controller.MusicControllerTest" time="0.012"/>
  <testcase name="testGetById_MusicServiceThrowsMusicNotFoundException" classname="com.ust.admin_service.controller.MusicControllerTest" time="0.011">
    <failure message="&#10;expected: 500&#10; but was: 404" type="org.opentest4j.AssertionFailedError">org.opentest4j.AssertionFailedError: 

expected: 500
 but was: 404
	at com.ust.admin_service.controller.MusicControllerTest.testGetById_MusicServiceThrowsMusicNotFoundException(MusicControllerTest.java:109)
</failure>
    <system-out><![CDATA[
MockHttpServletRequest:
      HTTP Method = GET
      Request URI = /1.0/admin/get/0
       Parameters = {}
          Headers = [Accept:"application/json"]
             Body = null
    Session Attrs = {}

Handler:
             Type = com.ust.admin_service.controller.MusicController
           Method = com.ust.admin_service.controller.MusicController#getById(long)

Async:
    Async started = false
     Async result = null

Resolved Exception:
             Type = com.ust.admin_service.exception.MusicNotFoundException

ModelAndView:
        View name = null
             View = null
            Model = null

FlashMap:
       Attributes = null

MockHttpServletResponse:
           Status = 404
    Error message = null
          Headers = [Content-Type:"application/json"]
     Content type = application/json
             Body = {"errorMessage":null}
    Forwarded URL = null
   Redirected URL = null
          Cookies = []
]]></system-out>
  </testcase>
</testsuite>